<?xml version="1.0" encoding="UTF-8"?>
<!-- Generated by org.testng.reporters.JUnitXMLReporter -->
<testsuite ignored="1" hostname="LAPTOP-UG5S8S2B" failures="0" tests="1" name="Parameter Test one" time="0.069" errors="0" timestamp="2021-01-16T19:32:46 IST">
  <testcase classname="udemydemo.ParamTest" name="prameterTestOne" time="0.013"/>
  <testcase classname="udemydemo.ParamTest" name="parameterTestTwo" time="0.0">
    <ignored/>
  </testcase> <!-- parameterTestTwo -->
</testsuite> <!-- Parameter Test one -->
