<?xml version="1.0" encoding="UTF-8"?>
<!-- Generated by org.testng.reporters.JUnitXMLReporter -->
<testsuite ignored="2" hostname="LAPTOP-UG5S8S2B" failures="0" tests="0" time="0.003" errors="0" timestamp="2021-01-16T19:32:46 IST">
  <testcase classname="udemydemo.ParamTest" name="prameterTestOne" time="0.0">
    <ignored/>
  </testcase> <!-- prameterTestOne -->
  <testcase classname="udemydemo.ParamTest" name="parameterTestTwo" time="0.0">
    <ignored/>
  </testcase> <!-- parameterTestTwo -->
</testsuite>
