<?xml version="1.0" encoding="UTF-8"?>
<!-- Generated by org.testng.reporters.JUnitXMLReporter -->
<testsuite ignored="0" hostname="LAPTOP-UG5S8S2B" failures="0" tests="11" name="Card Loan" time="0.239" errors="0" timestamp="2020-12-30T02:31:26 IST">
  <testcase classname="udemydemo.day1" name="f" time="0.031"/>
  <testcase classname="udemydemo.day1" name="test" time="0.006"/>
  <testcase classname="udemydemo.day2" name="pload" time="0.005"/>
  <testcase classname="udemydemo.day3" name="APILogin" time="0.011"/>
  <testcase classname="udemydemo.day3" name="MobileLoging" time="0.005"/>
  <testcase classname="udemydemo.day3" name="MobileLogout" time="0.004"/>
  <testcase classname="udemydemo.day3" name="MobileSignOut" time="0.002"/>
  <testcase classname="udemydemo.day3" name="WebLogin" time="0.003"/>
  <testcase classname="udemydemo.day4" name="LoginAPIHomeLoan" time="0.001"/>
  <testcase classname="udemydemo.day4" name="MobileLoginHomeLoan" time="0.003"/>
  <testcase classname="udemydemo.day4" name="WebLogingHomeLoan" time="0.002"/>
</testsuite> <!-- Card Loan -->
