<?xml version="1.0" encoding="UTF-8"?>
<!-- Generated by org.testng.reporters.JUnitXMLReporter -->
<testsuite ignored="0" hostname="LAPTOP-UG5S8S2B" failures="0" tests="3" name="Regression" time="0.064" errors="0" timestamp="2021-01-14T08:57:22 IST">
  <testcase classname="udemydemo.day3" name="MobileLoging" time="0.005"/>
  <testcase classname="udemydemo.day3" name="MobileLogout" time="0.001"/>
  <testcase classname="udemydemo.day3" name="MobileSignOut" time="0.001"/>
</testsuite> <!-- Regression -->
