<?xml version="1.0" encoding="UTF-8"?>
<!-- Generated by org.testng.reporters.JUnitXMLReporter -->
<testsuite ignored="0" hostname="LAPTOP-UG5S8S2B" failures="0" tests="3" name="Home Loan" time="0.077" errors="0" timestamp="2021-01-18T12:21:04 IST">
  <testcase classname="udemydemo.day3" name="MobileLoging" time="0.003"/>
  <testcase classname="udemydemo.day3" name="MobileLogout" time="0.006"/>
  <testcase classname="udemydemo.day3" name="MobileSignOut" time="0.001"/>
</testsuite> <!-- Home Loan -->
