<?xml version="1.0" encoding="UTF-8"?>
<!-- Generated by org.testng.reporters.JUnitXMLReporter -->
<testsuite ignored="0" hostname="LAPTOP-UG5S8S2B" failures="1" tests="1" name="Sum" time="0.065" errors="0" timestamp="2021-01-16T20:23:22 IST">
  <testcase classname="udemydemo.ParamTest1" name="Sum" time="0.023">
    <failure type="org.testng.internal.reflect.MethodMatcherException" message="
[public void udemydemo.ParamTest1.Sum(int,int)] has no parameters defined but was found to be using a data provider (either explicitly specified or inherited from class level annotation).
Data provider mismatch
Method: Sum([Parameter{index=0, type=int, declaredAnnotations=[@org.testng.annotations.Optional(&amp;quot;null&amp;quot;)]}, Parameter{index=1, type=int, declaredAnnotations=[@org.testng.annotations.Optional(&amp;quot;null&amp;quot;)]}])
Arguments: [(java.lang.Integer) 3,null]">
      <![CDATA[org.testng.internal.reflect.MethodMatcherException: 
[public void udemydemo.ParamTest1.Sum(int,int)] has no parameters defined but was found to be using a data provider (either explicitly specified or inherited from class level annotation).
Data provider mismatch
Arguments: [(java.lang.Integer) 3,null]
at java.base/java.util.ArrayList.forEach(ArrayList.java:1510)
... Removed 23 stack frames]]>
    </failure>
  </testcase> <!-- Sum -->
</testsuite> <!-- Sum -->
